<?xml version="1.0" encoding="UTF-8"?>
<testsuite name="GenerateNumberServiceTest" tests="2" skipped="0" failures="0" errors="0" timestamp="2020-02-25T03:20:07" hostname="Somkiats-MacBook-Pro" time="0.001">
  <properties/>
  <testcase name="generate_11_should_throw_exception" classname="GenerateNumberServiceTest" time="0.001"/>
  <testcase name="generate_5" classname="GenerateNumberServiceTest" time="0.0"/>
  <system-out><![CDATA[]]></system-out>
  <system-err><![CDATA[]]></system-err>
</testsuite>
